<?xml version="1.0" encoding="UTF-8"?>
<!-- Generated by org.testng.reporters.JUnitXMLReporter -->
<testsuite ignored="0" hostname="mangesh-sutar" failures="0" tests="3" name="Anotatins flow" time="9.735" errors="0" timestamp="2023-02-21T21:25:19 IST">
  <testcase classname="com.testng.practice.P7_AnnotationsAndTheFlowOfExecution_02" name="launchApp" time="4.241"/>
  <testcase classname="com.testng.practice.P7_AnnotationsAndTheFlowOfExecution_02" name="VerifyTitle" time="0.007"/>
  <testcase classname="com.testng.practice.P7_AnnotationsAndTheFlowOfExecution_02" name="VerifyCurrentURL" time="0.005"/>
</testsuite> <!-- Anotatins flow -->
