<?xml version="1.0" encoding="UTF-8"?>
<!-- Generated by org.testng.reporters.JUnitXMLReporter -->
<testsuite ignored="0" hostname="mangesh-sutar" failures="0" tests="3" name="ScriptLevelSingleParameter" time="16.907" errors="0" timestamp="2023-02-22T08:01:50 IST">
  <testcase classname="com.testng.practice.P8_ScriptLevelSingleParameter" name="launchApp" time="3.507"/>
  <testcase classname="com.testng.practice.P8_ScriptLevelSingleParameter" name="logindetails" time="7.043"/>
  <testcase classname="com.testng.practice.P8_ScriptLevelSingleParameter" name="UserLoggedIN" time="5.044"/>
</testsuite> <!-- ScriptLevelSingleParameter -->
