<?xml version="1.0" encoding="UTF-8"?>
<!-- Generated by org.testng.reporters.JUnitXMLReporter -->
<testsuite ignored="0" hostname="mangesh-sutar" failures="0" tests="3" name="P9_optionalParameter" time="14.955" errors="0" timestamp="2023-03-11T17:17:45 IST">
  <testcase classname="com.testng.practice.P9_optionalParameter" name="launchApp" time="5.744"/>
  <testcase classname="com.testng.practice.P9_optionalParameter" name="logindetails" time="7.141"/>
  <testcase classname="com.testng.practice.P9_optionalParameter" name="UserLoggedIN" time="0.02"/>
</testsuite> <!-- P9_optionalParameter -->
