<?xml version="1.0" encoding="UTF-8"?>
<!-- Generated by org.testng.reporters.JUnitXMLReporter -->
<testsuite ignored="0" hostname="mangesh-sutar" failures="0" tests="3" name="SuiteLevelSingleParameter1" time="10.613" errors="0" timestamp="2023-03-09T21:35:47 IST">
  <testcase classname="com.testng.practice.P8_SuiteLevelSingleParameter" name="launchApp" time="3.428"/>
  <testcase classname="com.testng.practice.P8_SuiteLevelSingleParameter" name="logindetails" time="6.47"/>
  <testcase classname="com.testng.practice.P8_SuiteLevelSingleParameter" name="UserLoggedIN" time="0.028"/>
</testsuite> <!-- SuiteLevelSingleParameter1 -->
