<?xml version="1.0" encoding="UTF-8"?>
<!-- Generated by org.testng.reporters.JUnitXMLReporter -->
<testsuite ignored="0" hostname="mangesh-sutar" failures="0" tests="3" name="SuiteLevelSingleParameter" time="20.309" errors="0" timestamp="2023-03-09T21:35:36 IST">
  <testcase classname="com.testng.practice.P8_SuiteLevelSingleParameter" name="launchApp" time="8.097"/>
  <testcase classname="com.testng.practice.P8_SuiteLevelSingleParameter" name="logindetails" time="7.346"/>
  <testcase classname="com.testng.practice.P8_SuiteLevelSingleParameter" name="UserLoggedIN" time="0.033"/>
</testsuite> <!-- SuiteLevelSingleParameter -->
