<?xml version="1.0" encoding="UTF-8"?>
<!-- Generated by org.testng.reporters.JUnitXMLReporter -->
<testsuite ignored="0" hostname="mangesh-sutar" failures="1" tests="8" name="P15_DependencyOnGroup2" time="0.06" errors="0" timestamp="2023-02-23T21:04:24 IST">
  <testcase classname="com.testng.practice.P15_DependencyOnGroup2" name="test1" time="0.005"/>
  <testcase classname="com.testng.practice.P15_DependencyOnGroup2" name="test2" time="0.0"/>
  <testcase classname="com.testng.practice.P15_DependencyOnGroup2" name="test3" time="0.001">
    <failure type="java.lang.ArithmeticException" message="/ by zero">
      <![CDATA[java.lang.ArithmeticException: / by zero
at com.testng.practice.P15_DependencyOnGroup2.test3(P15_DependencyOnGroup2.java:25)
at java.base/java.util.ArrayList.forEach(ArrayList.java:1541)
... Removed 27 stack frames]]>
    </failure>
  </testcase> <!-- test3 -->
  <testcase classname="com.testng.practice.P15_DependencyOnGroup2" name="test4" time="0.001"/>
  <testcase classname="com.testng.practice.P15_DependencyOnGroup2" name="test5" time="0.0">
    <skipped/>
  </testcase> <!-- test5 -->
  <testcase classname="com.testng.practice.P15_DependencyOnGroup2" name="test6" time="0.0">
    <skipped/>
  </testcase> <!-- test6 -->
  <testcase classname="com.testng.practice.P15_DependencyOnGroup2" name="test7" time="0.0">
    <skipped/>
  </testcase> <!-- test7 -->
  <testcase classname="com.testng.practice.P15_DependencyOnGroup2" name="test8" time="0.0">
    <skipped/>
  </testcase> <!-- test8 -->
</testsuite> <!-- P15_DependencyOnGroup2 -->
