<?xml version="1.0" encoding="UTF-8"?>
<!-- Generated by org.testng.reporters.JUnitXMLReporter -->
<testsuite ignored="1" hostname="mangesh-sutar" failures="0" tests="3" name="P13_groupConcept_1" time="0.007" errors="0" timestamp="2023-02-23T14:39:23 IST">
  <testcase classname="P13_GroupConcept.P13_02_NewTestClass" name="Method5" time="0.001"/>
  <testcase classname="P13_GroupConcept.P13_02_NewTestClass" name="Method6" time="0.001"/>
  <testcase classname="P13_GroupConcept.P13_02_NewTestClass" name="Method7" time="0.0"/>
  <testcase classname="P13_GroupConcept.P13_02_NewTestClass" name="Method8" time="0.0">
    <ignored/>
  </testcase> <!-- Method8 -->
</testsuite> <!-- P13_groupConcept_1 -->
