<?xml version="1.0" encoding="UTF-8"?>
<!-- Generated by org.testng.reporters.JUnitXMLReporter -->
<testsuite ignored="0" hostname="mangesh-sutar" failures="0" tests="4" name="P13_groupConcept" time="0.052" errors="0" timestamp="2023-02-23T14:39:23 IST">
  <testcase classname="P13_GroupConcept.P13_01_NewTestClass" name="Method1" time="0.005"/>
  <testcase classname="P13_GroupConcept.P13_01_NewTestClass" name="Method2" time="0.001"/>
  <testcase classname="P13_GroupConcept.P13_01_NewTestClass" name="Method3" time="0.002"/>
  <testcase classname="P13_GroupConcept.P13_01_NewTestClass" name="Method4" time="0.001"/>
</testsuite> <!-- P13_groupConcept -->
