<?xml version="1.0" encoding="UTF-8"?>
<!-- Generated by org.testng.reporters.JUnitXMLReporter -->
<testsuite ignored="0" hostname="mangesh-sutar" failures="0" tests="4" name="Class 1" time="0.082" errors="0" timestamp="2023-02-25T07:43:57 IST">
  <testcase classname="P23_parallelExectionOfTest.P23_01_TestClass" name="testMethod1" time="0.006"/>
  <testcase classname="P23_parallelExectionOfTest.P23_01_TestClass" name="testMethod2" time="0.001"/>
  <testcase classname="P23_parallelExectionOfTest.P23_01_TestClass" name="testMethod3" time="0.001"/>
  <testcase classname="P23_parallelExectionOfTest.P23_01_TestClass" name="testMethod4" time="0.001"/>
</testsuite> <!-- Class 1 -->
