<?xml version="1.0" encoding="UTF-8"?>
<!-- Generated by org.testng.reporters.JUnitXMLReporter -->
<testsuite ignored="1" hostname="mangesh-sutar" failures="2" tests="2" name="Test" time="17.272" errors="0" timestamp="2023-03-16T00:11:56 IST">
  <testcase classname="P26_Screenshots.BTestMethods" name="testlogin" time="7.913">
    <failure type="java.lang.ArithmeticException" message="/ by zero">
      <![CDATA[java.lang.ArithmeticException: / by zero
at P26_Screenshots.BTestMethods.testlogin(BTestMethods.java:19)
at java.base/java.util.ArrayList.forEach(ArrayList.java:1541)
... Removed 27 stack frames]]>
    </failure>
  </testcase> <!-- testlogin -->
  <testcase classname="P26_Screenshots.BTestMethods" name="testlogin" time="5.905">
    <failure type="java.lang.ArithmeticException" message="/ by zero">
      <![CDATA[java.lang.ArithmeticException: / by zero
at P26_Screenshots.BTestMethods.testlogin(BTestMethods.java:19)
at java.base/java.util.ArrayList.forEach(ArrayList.java:1541)
... Removed 27 stack frames]]>
    </failure>
  </testcase> <!-- testlogin -->
  <testcase classname="P26_Screenshots.BaseClass" name="takescreenshot" time="0.0">
    <ignored/>
  </testcase> <!-- takescreenshot -->
</testsuite> <!-- Test -->
