<?xml version="1.0" encoding="UTF-8"?>
<!-- Generated by org.testng.reporters.JUnitXMLReporter -->
<testsuite ignored="1" hostname="mangesh-sutar" failures="1" tests="1" name="TestFacebook" time="15.653" errors="0" timestamp="2023-03-15T23:19:24 IST">
  <testcase classname="P26_Screenshots.P26_02_TestMethodsClass" name="TestFacebook" time="12.752">
    <failure type="java.lang.AssertionError" message="Log in to Facebook expected:&amp;lt;Log in to Facebook&amp;gt; but was:&amp;lt;Title does not matached&amp;gt;">
      <![CDATA[java.lang.AssertionError: Log in to Facebook expected:<Log in to Facebook> but was:<Title does not matached>
at P26_Screenshots.P26_02_TestMethodsClass.TestFacebook(P26_02_TestMethodsClass.java:38)
at java.base/java.util.ArrayList.forEach(ArrayList.java:1541)
... Removed 28 stack frames]]>
    </failure>
  </testcase> <!-- TestFacebook -->
  <testcase classname="P26_Screenshots.P26_02_TestMethodsClass" name="TestGoogle" time="0.0">
    <ignored/>
  </testcase> <!-- TestGoogle -->
</testsuite> <!-- TestFacebook -->
