<?xml version="1.0" encoding="UTF-8"?>
<!-- Generated by org.testng.reporters.JUnitXMLReporter -->
<testsuite ignored="1" hostname="mangesh-sutar" failures="1" tests="1" name="TestGoogle" time="5.995" errors="0" timestamp="2023-03-15T23:19:09 IST">
  <testcase classname="P26_Screenshots.P26_02_TestMethodsClass" name="TestGoogle" time="1.344">
    <failure type="java.lang.AssertionError" message="Google expected:&amp;lt;Mangesh&amp;gt; but was:&amp;lt;Title does not matched&amp;gt;">
      <![CDATA[java.lang.AssertionError: Google expected:<Mangesh> but was:<Title does not matched>
at P26_Screenshots.P26_02_TestMethodsClass.TestGoogle(P26_02_TestMethodsClass.java:20)
at java.base/java.util.ArrayList.forEach(ArrayList.java:1541)
... Removed 28 stack frames]]>
    </failure>
  </testcase> <!-- TestGoogle -->
  <testcase classname="P26_Screenshots.P26_02_TestMethodsClass" name="TestFacebook" time="0.0">
    <ignored/>
  </testcase> <!-- TestFacebook -->
</testsuite> <!-- TestGoogle -->
