<?xml version="1.0" encoding="UTF-8"?>
<!-- Generated by org.testng.reporters.JUnitXMLReporter -->
<testsuite ignored="1" hostname="mangesh-sutar" failures="0" tests="1" name="TestFacebook" time="8.965" errors="0" timestamp="2023-03-09T20:22:43 IST">
  <testcase classname="com.testng.practice.P3_FirstTestNGclass" name="TestFacebook" time="8.962"/>
  <testcase classname="com.testng.practice.P3_FirstTestNGclass" name="TestGoogle" time="0.0">
    <ignored/>
  </testcase> <!-- TestGoogle -->
</testsuite> <!-- TestFacebook -->
