<?xml version="1.0" encoding="UTF-8"?>
<!-- Generated by org.testng.reporters.JUnitXMLReporter -->
<testsuite ignored="1" hostname="mangesh-sutar" failures="0" tests="1" name="TestGoogle" time="7.726" errors="0" timestamp="2023-03-09T20:22:34 IST">
  <testcase classname="com.testng.practice.P3_FirstTestNGclass" name="TestGoogle" time="7.699"/>
  <testcase classname="com.testng.practice.P3_FirstTestNGclass" name="TestFacebook" time="0.0">
    <ignored/>
  </testcase> <!-- TestFacebook -->
</testsuite> <!-- TestGoogle -->
